=\pretest.json 
{
  _: [],
  f: [
    'c:\\VSS\\dei_studies\\VLDAA\\REVIEW_WORK\\Network_Flow_RE\\Network_Flow_RE\\NF\\NF\\ph3-exp-template-main\\experiment\\pretest.json'
  ],
  files: [
    'c:\\VSS\\dei_studies\\VLDAA\\REVIEW_WORK\\Network_Flow_RE\\Network_Flow_RE\\NF\\NF\\ph3-exp-template-main\\experiment\\pretest.json'
  ],
  c: 'assessment',
  contentTypes: 'assessment',
  'content-types': 'assessment',
  '$0': 'validate'
}
Validated true
=\posttest.json 
{
  _: [],
  f: [
    'c:\\VSS\\dei_studies\\VLDAA\\REVIEW_WORK\\Network_Flow_RE\\Network_Flow_RE\\NF\\NF\\ph3-exp-template-main\\experiment\\posttest.json'
  ],
  files: [
    'c:\\VSS\\dei_studies\\VLDAA\\REVIEW_WORK\\Network_Flow_RE\\Network_Flow_RE\\NF\\NF\\ph3-exp-template-main\\experiment\\posttest.json'
  ],
  c: 'assessment',
  contentTypes: 'assessment',
  'content-types': 'assessment',
  '$0': 'validate'
}
Validated true
